<?xml version="1.0" encoding="UTF-8" ?>
<testsuite errors="0" failures="0" hostname="YiqiudeMacBook-Pro.local" name="net.sourceforge.tess4j.Tesseract1Test" skipped="0" tests="7" time="5.629" timestamp="2015-01-31T21:11:47">
  <properties>
[...]
</properties>
  <testcase classname="net.sourceforge.tess4j.Tesseract1Test" name="testDoOCR_File" time="0.899" />
  <testcase classname="net.sourceforge.tess4j.Tesseract1Test" name="testDoOCR_File_With_Configs" time="1.172" />
  <testcase classname="net.sourceforge.tess4j.Tesseract1Test" name="testDoOCR_File_Rectangle" time="0.491" />
  <testcase classname="net.sourceforge.tess4j.Tesseract1Test" name="testDoOCR_List_Rectangle" time="0.815" />
  <testcase classname="net.sourceforge.tess4j.Tesseract1Test" name="testDoOCR_BufferedImage" time="0.552" />
  <testcase classname="net.sourceforge.tess4j.Tesseract1Test" name="testDoOCR_SkewedImage" time="1.16" />
  <testcase classname="net.sourceforge.tess4j.Tesseract1Test" name="testExtendingTesseract1" time="0.497" />
  <system-out><![CDATA[doOCR on a PNG image
The (quick) [brown] {fox} jumps!
Over the $43,456.78 <lazy> #90 dog
& duck/goose, as 12.5% of E-mail
from aspammer@website.com is spam.
Der ,,schnelle” braune Fuchs springt
ﬁber den faulen Hund. Le renard brun
«rapide» saute par-dessus le chien
paresseux. La volpe marrone rapida
salta sopra il cane pigro. El zorro
marrén répido salta sobre el perro
perezoso. A raposa marrom rzipida
salta sobre o cﬁo preguicoso.


doOCR with "digits" configs
1110 10111010 11110111111 110111 1111111151
01101 1116 341456.78 5121239 16990 000
81 0110111500501 215 12.5170 01 13-111311
110111 215021111111010011101151500111 15 51121111.
1301 501111011611 1312111110 11110115 50111151
11061 0011 121111011 1-111110. 1.0 161121111 1311111
1110010011 5211110 001-0055115 10 0111011
03165501121. 1.21 110100 11121110110 121011121
53113 500121 11 03110 0190. 1-31 20110
1112111011 12113100 521113 501316 01 110110
00162050. .4 1210050 1113110111 15101113
53113 501910 0 0510 01051110050.


doOCR on a BMP image with bounding rectangle
The (quick) [brown] {fox} jumps!
Over the $43,456.78 <lazy> #90 dog
& duck/goose, as 12.5% of E-mail
from aspammer@website.com is spam.
Der ,,schnelle” braune Fuchs springt
ﬁber den faulen Hund. Le renard brun
«rapide» saute par-dessus le chien
paresseux. La volpe marrone rapida
salta sopra il cane pigro. El zorro
marrén répido salta sobre el perro
perezoso. A raposa marrom rzipida
salta sobre o cﬁo preguicoso.


doOCR on a PDF document
0    [main] INFO  org.ghost4j.Ghostscript  - GPL Ghostscript 9.15 (2014-09-22)
1    [main] INFO  org.ghost4j.Ghostscript  - Copyright (C) 2014 Artifex Software, Inc.  All rights reserved.
1    [main] INFO  org.ghost4j.Ghostscript  - This software comes with NO WARRANTY: see the file PUBLIC for details.
77   [main] INFO  org.ghost4j.Ghostscript  - Processing pages 1 through 1.
77   [main] INFO  org.ghost4j.Ghostscript  - Page 1
The (quick) [brown] {fox} jumps!
Over the $43,456.78 <lazy> #90 dog
& duck/goose, as 12.5% of E-mail
from aspammer@website.com is spam.
Der ,,schnelle” braune Fuchs springt
ﬁber den faulen Hund. Le renard brun
«rapide» saute par-dessus le chien
paresseux. La volpe marrone rapida
salta sopra il cane pigro. El zorro
marrén répido salta sobre el perro
perezoso. A raposa marrom rzipida
salta sobre o cﬁo preguicoso.


doOCR on a buffered image of a GIF
The (quick) [brown] {fox} jumps!
Over the $43,456.78 <lazy> #90 dog
& duck/goose, as 12.5% of E-mail
from aspammer@website.com is spam.
Der ,,schnelle” braune Fuchs springt
ﬁber den faulen Hund. Le renard brun
«rapide» saute par-dessus le chien
paresseux. La volpe marrone rapida
salta sopra il cane pigro. El zorro
marrén répido salta sobre el perro
perezoso. A raposa marrom rzipida
salta sobre o cﬁo preguicoso.


doOCR on a skewed PNG image
The (quick) [brown] {fox} jumps!
Over the $43,456.78 <lazy> #90 dog
& duck/goose. as 12.5% of E-mail
from aspammer@website.com is spam.
Der ,.schneHe” braune Fuchs springt
ﬁber den faulen Hund. Le renard brun
«rapide» saute par-dessus le chien

paresseux. La volpe marrone rapida
salta sopra il cane pigro. El zorro

marrén répido salta sobre el perro

perezoso. A raposa marrom répida

salta sobre o cﬁo preguicoso.

 


Extends Tesseract1
The	[Confidence: 90.767220 Bounding box: 105 66 73 31]
(quick)	[Confidence: 87.500000 Bounding box: 205 67 142 39]
[brown]	[Confidence: 89.932251 Bounding box: 376 69 152 40]
{fox}	[Confidence: 90.098473 Bounding box: 559 71 104 39]
jumps!	[Confidence: 90.716324 Bounding box: 687 73 136 40]
Over	[Confidence: 92.650970 Bounding box: 104 115 95 32]
the	[Confidence: 89.343658 Bounding box: 224 117 59 31]
$43,456.78	[Confidence: 89.098480 Bounding box: 310 117 223 38]
<lazy>	[Confidence: 92.907623 Bounding box: 561 121 135 41]
#90	[Confidence: 91.800201 Bounding box: 722 123 69 31]
dog	[Confidence: 90.100510 Bounding box: 818 125 69 40]
&	[Confidence: 91.685547 Bounding box: 103 165 31 31]
duck/goose,	[Confidence: 88.571831 Bounding box: 160 166 236 40]
as	[Confidence: 93.514618 Bounding box: 424 178 39 23]
12.5%	[Confidence: 91.952271 Bounding box: 493 171 121 32]
of	[Confidence: 90.451614 Bounding box: 638 172 42 32]
E-mail	[Confidence: 91.344429 Bounding box: 700 174 135 32]
from	[Confidence: 89.253746 Bounding box: 103 215 91 32]
aspammer@website.com	[Confidence: 88.953171 Bounding box: 220 219 496 41]
is	[Confidence: 94.242500 Bounding box: 742 223 31 32]
spam.	[Confidence: 89.642845 Bounding box: 799 233 112 31]
Der	[Confidence: 91.693726 Bounding box: 102 266 71 31]
,,schnelle”	[Confidence: 78.856628 Bounding box: 198 267 208 35]
braune	[Confidence: 90.989685 Bounding box: 433 269 135 33]
Fuchs	[Confidence: 92.036606 Bounding box: 594 272 115 32]
springt	[Confidence: 85.802315 Bounding box: 735 274 142 40]
ﬁber	[Confidence: 77.427635 Bounding box: 102 315 85 32]
den	[Confidence: 92.725639 Bounding box: 212 317 68 31]
faulen	[Confidence: 87.392044 Bounding box: 306 318 124 32]
Hund.	[Confidence: 92.815437 Bounding box: 456 320 116 32]
Le	[Confidence: 91.709900 Bounding box: 601 322 47 32]
renard	[Confidence: 89.479660 Bounding box: 674 324 129 32]
brun	[Confidence: 92.530449 Bounding box: 827 325 91 32]
«rapide»	[Confidence: 89.106445 Bounding box: 101 366 173 39]
saute	[Confidence: 90.068596 Bounding box: 302 373 101 27]
par-dessus	[Confidence: 90.267944 Bounding box: 428 371 213 38]
le	[Confidence: 92.761230 Bounding box: 667 372 33 32]
chien	[Confidence: 91.074486 Bounding box: 725 374 108 32]
paresseux.	[Confidence: 89.654541 Bounding box: 100 424 208 30]
La	[Confidence: 90.037682 Bounding box: 337 419 47 31]
volpe	[Confidence: 93.499756 Bounding box: 409 420 107 39]
marrone	[Confidence: 90.102051 Bounding box: 543 430 164 25]
rapida	[Confidence: 86.662727 Bounding box: 733 424 126 40]
salta	[Confidence: 91.222679 Bounding box: 100 466 92 31]
sopra	[Confidence: 90.480843 Bounding box: 219 475 105 32]
il	[Confidence: 91.058411 Bounding box: 351 468 25 31]
cane	[Confidence: 91.604195 Bounding box: 403 478 88 23]
pigro.	[Confidence: 90.220543 Bounding box: 517 471 116 40]
El	[Confidence: 95.934021 Bounding box: 662 473 41 31]
zorro	[Confidence: 90.218468 Bounding box: 729 482 105 24]
marrén	[Confidence: 78.895264 Bounding box: 99 516 143 32]
répido	[Confidence: 78.803009 Bounding box: 268 517 127 40]
salta	[Confidence: 91.021156 Bounding box: 421 520 92 32]
sobre	[Confidence: 91.359901 Bounding box: 540 521 104 33]
el	[Confidence: 88.865158 Bounding box: 669 523 33 31]
perro	[Confidence: 88.460793 Bounding box: 728 532 105 31]
perezoso.	[Confidence: 91.213989 Bounding box: 98 574 186 30]
A	[Confidence: 93.007507 Bounding box: 313 568 29 30]
raposa	[Confidence: 91.828201 Bounding box: 369 578 128 31]
marrom	[Confidence: 90.031433 Bounding box: 523 579 154 25]
rzipida	[Confidence: 77.886475 Bounding box: 703 573 126 40]
salta	[Confidence: 85.691055 Bounding box: 98 616 92 31]
sobre	[Confidence: 90.560913 Bounding box: 217 617 103 32]
o	[Confidence: 94.669769 Bounding box: 346 627 20 23]
cﬁo	[Confidence: 72.071564 Bounding box: 391 621 65 30]
preguicoso.	[Confidence: 74.315262 Bounding box: 481 621 229 40]
]]></system-out>
  <system-err><![CDATA[]]></system-err>
</testsuite>
