<?xml version="1.0" encoding="UTF-8" ?>
<testsuite errors="0" failures="0" hostname="YiqiudeMacBook-Pro.local" name="net.sourceforge.tess4j.TesseractTest" skipped="0" tests="6" time="4.809" timestamp="2015-01-31T21:11:53">
  <properties>
[...]
</properties>
  <testcase classname="net.sourceforge.tess4j.TesseractTest" name="testDoOCR_File" time="0.883" />
  <testcase classname="net.sourceforge.tess4j.TesseractTest" name="testDoOCR_File_With_Configs" time="1.168" />
  <testcase classname="net.sourceforge.tess4j.TesseractTest" name="testDoOCR_File_Rectangle" time="0.469" />
  <testcase classname="net.sourceforge.tess4j.TesseractTest" name="testDoOCR_List_Rectangle" time="0.66" />
  <testcase classname="net.sourceforge.tess4j.TesseractTest" name="testDoOCR_BufferedImage" time="0.509" />
  <testcase classname="net.sourceforge.tess4j.TesseractTest" name="testDoOCR_SkewedImage" time="1.076" />
  <system-out><![CDATA[doOCR on a PNG image
The (quick) [brown] {fox} jumps!
Over the $43,456.78 <lazy> #90 dog
& duck/goose, as 12.5% of E-mail
from aspammer@website.com is spam.
Der ,,schnelle” braune Fuchs springt
ﬁber den faulen Hund. Le renard brun
«rapide» saute par-dessus le chien
paresseux. La volpe marrone rapida
salta sopra il cane pigro. El zorro
marrén répido salta sobre el perro
perezoso. A raposa marrom rzipida
salta sobre o cﬁo preguicoso.


doOCR with "digits" configs
1110 10111010 11110111111 110111 1111111151
01101 1116 341456.78 5121239 16990 000
81 0110111500501 215 12.5170 01 13-111311
110111 215021111111010011101151500111 15 51121111.
1301 501111011611 1312111110 11110115 50111151
11061 0011 121111011 1-111110. 1.0 161121111 1311111
1110010011 5211110 001-0055115 10 0111011
03165501121. 1.21 110100 11121110110 121011121
53113 500121 11 03110 0190. 1-31 20110
1112111011 12113100 521113 501316 01 110110
00162050. .4 1210050 1113110111 15101113
53113 501910 0 0510 01051110050.


doOCR on a BMP image with bounding rectangle
The (quick) [brown] {fox} jumps!
Over the $43,456.78 <lazy> #90 dog
& duck/goose, as 12.5% of E-mail
from aspammer@website.com is spam.
Der ,,schnelle” braune Fuchs springt
ﬁber den faulen Hund. Le renard brun
«rapide» saute par-dessus le chien
paresseux. La volpe marrone rapida
salta sopra il cane pigro. El zorro
marrén répido salta sobre el perro
perezoso. A raposa marrom rzipida
salta sobre o cﬁo preguicoso.


doOCR on a PDF document
0    [main] INFO  org.ghost4j.Ghostscript  - GPL Ghostscript 9.15 (2014-09-22)
0    [main] INFO  org.ghost4j.Ghostscript  - Copyright (C) 2014 Artifex Software, Inc.  All rights reserved.
0    [main] INFO  org.ghost4j.Ghostscript  - This software comes with NO WARRANTY: see the file PUBLIC for details.
38   [main] INFO  org.ghost4j.Ghostscript  - Processing pages 1 through 1.
38   [main] INFO  org.ghost4j.Ghostscript  - Page 1
The (quick) [brown] {fox} jumps!
Over the $43,456.78 <lazy> #90 dog
& duck/goose, as 12.5% of E-mail
from aspammer@website.com is spam.
Der ,,schnelle” braune Fuchs springt
ﬁber den faulen Hund. Le renard brun
«rapide» saute par-dessus le chien
paresseux. La volpe marrone rapida
salta sopra il cane pigro. El zorro
marrén répido salta sobre el perro
perezoso. A raposa marrom rzipida
salta sobre o cﬁo preguicoso.


doOCR on a buffered image of a GIF
The (quick) [brown] {fox} jumps!
Over the $43,456.78 <lazy> #90 dog
& duck/goose, as 12.5% of E-mail
from aspammer@website.com is spam.
Der ,,schnelle” braune Fuchs springt
ﬁber den faulen Hund. Le renard brun
«rapide» saute par-dessus le chien
paresseux. La volpe marrone rapida
salta sopra il cane pigro. El zorro
marrén répido salta sobre el perro
perezoso. A raposa marrom rzipida
salta sobre o cﬁo preguicoso.


doOCR on a skewed PNG image
The (quick) [brown] {fox} jumps!
Over the $43,456.78 <lazy> #90 dog
& duck/goose. as 12.5% of E-mail
from aspammer@website.com is spam.
Der ,.schneHe” braune Fuchs springt
ﬁber den faulen Hund. Le renard brun
«rapide» saute par-dessus le chien

paresseux. La volpe marrone rapida
salta sopra il cane pigro. El zorro

marrén répido salta sobre el perro

perezoso. A raposa marrom répida

salta sobre o cﬁo preguicoso.

 


]]></system-out>
  <system-err><![CDATA[]]></system-err>
</testsuite>
