<?xml version="1.0" encoding="UTF-8" ?>
<testsuite errors="0" failures="0" hostname="YiqiudeMacBook-Pro.local" name="net.sourceforge.tess4j.TessAPI1Test" skipped="0" tests="26" time="4.196" timestamp="2015-01-31T21:11:38">
  <properties>
[...]
</properties>
  <testcase classname="net.sourceforge.tess4j.TessAPI1Test" name="testTessBaseAPISetImage" time="0.068" />
  <testcase classname="net.sourceforge.tess4j.TessAPI1Test" name="testTessBaseAPISetRectangle" time="0.0" />
  <testcase classname="net.sourceforge.tess4j.TessAPI1Test" name="testTessBaseAPIProcessPages" time="0.458" />
  <testcase classname="net.sourceforge.tess4j.TessAPI1Test" name="testTessBaseAPIGetHOCRText" time="1.051" />
  <testcase classname="net.sourceforge.tess4j.TessAPI1Test" name="testOSD" time="0.492" />
  <testcase classname="net.sourceforge.tess4j.TessAPI1Test" name="testResultIterator" time="0.537" />
  <testcase classname="net.sourceforge.tess4j.TessAPI1Test" name="testTessBaseAPIClear" time="0.0" />
  <testcase classname="net.sourceforge.tess4j.TessAPI1Test" name="testTessBaseAPIEnd" time="0.0" />
  <testcase classname="net.sourceforge.tess4j.TessAPI1Test" name="testTessBaseAPICreate" time="0.0" />
  <testcase classname="net.sourceforge.tess4j.TessAPI1Test" name="testTessBaseAPIDelete" time="0.001" />
  <testcase classname="net.sourceforge.tess4j.TessAPI1Test" name="testTessBaseAPISetInputName" time="0.0" />
  <testcase classname="net.sourceforge.tess4j.TessAPI1Test" name="testTessBaseAPISetOutputName" time="0.0" />
  <testcase classname="net.sourceforge.tess4j.TessAPI1Test" name="testTessBaseAPISetVariable" time="0.0" />
  <testcase classname="net.sourceforge.tess4j.TessAPI1Test" name="testTessBaseAPIGetBoolVariable" time="0.0" />
  <testcase classname="net.sourceforge.tess4j.TessAPI1Test" name="testTessBaseAPIPrintVariablesToFile" time="0.002" />
  <testcase classname="net.sourceforge.tess4j.TessAPI1Test" name="testTessBaseAPIInit1" time="0.455" />
  <testcase classname="net.sourceforge.tess4j.TessAPI1Test" name="testTessBaseAPIGetUTF8Text" time="0.499" />
  <testcase classname="net.sourceforge.tess4j.TessAPI1Test" name="testTessVersion" time="0.001" />
  <testcase classname="net.sourceforge.tess4j.TessAPI1Test" name="testTessBaseAPIInit2" time="0.02" />
  <testcase classname="net.sourceforge.tess4j.TessAPI1Test" name="testTessBaseAPIInit3" time="0.02" />
  <testcase classname="net.sourceforge.tess4j.TessAPI1Test" name="testTessBaseAPIGetInitLanguagesAsString" time="0.0" />
  <testcase classname="net.sourceforge.tess4j.TessAPI1Test" name="testTessBaseAPIGetLoadedLanguagesAsVector" time="0.02" />
  <testcase classname="net.sourceforge.tess4j.TessAPI1Test" name="testTessBaseAPIGetAvailableLanguagesAsVector" time="0.021" />
  <testcase classname="net.sourceforge.tess4j.TessAPI1Test" name="testTessBaseAPISetPageSegMode" time="0.0" />
  <testcase classname="net.sourceforge.tess4j.TessAPI1Test" name="testTessBaseAPIGetPageSegMode" time="0.0" />
  <testcase classname="net.sourceforge.tess4j.TessAPI1Test" name="testTessBaseAPIRect" time="0.485" />
  <system-out><![CDATA[TessBaseAPISetImage
TessBaseAPISetRectangle
TessBaseAPIProcessPages
TessBaseAPIGetHOCRText
OSD
Orientation: ORIENTATION_PAGE_UP
WritingDirection: WRITING_DIRECTION_LEFT_TO_RIGHT
TextlineOrder: TEXTLINE_ORDER_TOP_TO_BOTTOM
Deskew angle: -0.0000

TessBaseAPIGetIterator
Bounding boxes:
char(s) left top right bottom confidence font-attributes
The 105 66 178 97 90.767220  font: Times_New_Roman, size: 9, font id: 283, bold: false, italic: false, underlined: false, monospace: false, serif: true, smallcap: false
(quick) 205 67 347 106 87.500000  font: Times_New_Roman, size: 9, font id: 283, bold: false, italic: false, underlined: false, monospace: false, serif: true, smallcap: false
[brown] 376 69 528 109 89.932251  font: Times_New_Roman, size: 9, font id: 283, bold: false, italic: false, underlined: false, monospace: false, serif: true, smallcap: false
{fox} 559 71 663 110 90.098473  font: Times_New_Roman, size: 9, font id: 283, bold: false, italic: false, underlined: false, monospace: false, serif: true, smallcap: false
jumps! 687 73 823 113 90.716324  font: Times_New_Roman, size: 9, font id: 283, bold: false, italic: false, underlined: false, monospace: false, serif: true, smallcap: false
Over 104 115 199 147 92.650970  font: Times_New_Roman, size: 10, font id: 283, bold: false, italic: false, underlined: false, monospace: false, serif: true, smallcap: false
the 224 117 283 148 89.343658  font: Times_New_Roman, size: 10, font id: 283, bold: false, italic: false, underlined: false, monospace: false, serif: true, smallcap: false
$43,456.78 310 117 533 155 89.098480  font: Times_New_Roman, size: 10, font id: 283, bold: false, italic: false, underlined: false, monospace: false, serif: true, smallcap: false
<lazy> 561 121 696 162 92.907623  font: Times_New_Roman, size: 10, font id: 283, bold: false, italic: false, underlined: false, monospace: false, serif: true, smallcap: false
#90 722 123 791 154 91.800201  font: Times_New_Roman, size: 10, font id: 283, bold: false, italic: false, underlined: false, monospace: false, serif: true, smallcap: false
dog 818 125 887 165 90.100510  font: Times_New_Roman, size: 10, font id: 283, bold: false, italic: false, underlined: false, monospace: false, serif: true, smallcap: false
& 103 165 134 196 91.685547  font: Times_New_Roman, size: 10, font id: 283, bold: false, italic: false, underlined: false, monospace: false, serif: true, smallcap: false
duck/goose, 160 166 396 206 88.571831  font: Times_New_Roman, size: 10, font id: 283, bold: false, italic: false, underlined: false, monospace: false, serif: true, smallcap: false
as 424 178 463 201 93.514618  font: Times_New_Roman, size: 10, font id: 283, bold: false, italic: false, underlined: false, monospace: false, serif: true, smallcap: false
12.5% 493 171 614 203 91.952271  font: Times_New_Roman, size: 10, font id: 283, bold: false, italic: false, underlined: false, monospace: false, serif: true, smallcap: false
of 638 172 680 204 90.451614  font: Times_New_Roman, size: 10, font id: 283, bold: false, italic: false, underlined: false, monospace: false, serif: true, smallcap: false
E-mail 700 174 835 206 91.344429  font: Times_New_Roman, size: 10, font id: 283, bold: false, italic: false, underlined: false, monospace: false, serif: true, smallcap: false
from 103 215 194 247 89.253746  font: Times_New_Roman, size: 9, font id: 283, bold: false, italic: false, underlined: false, monospace: false, serif: true, smallcap: false
aspammer@website.com 220 219 716 260 88.953171  font: Times_New_Roman, size: 9, font id: 283, bold: false, italic: false, underlined: false, monospace: false, serif: true, smallcap: false
is 742 223 773 255 94.242500  font: Times_New_Roman, size: 9, font id: 283, bold: false, italic: false, underlined: false, monospace: false, serif: true, smallcap: false
spam. 799 233 911 264 89.642845  font: Times_New_Roman, size: 9, font id: 283, bold: false, italic: false, underlined: false, monospace: false, serif: true, smallcap: false
Der 102 266 173 297 91.693726  font: Times_New_Roman, size: 10, font id: 283, bold: false, italic: false, underlined: false, monospace: false, serif: true, smallcap: false
,,schnelle” 198 267 406 302 78.856628  font: Times_New_Roman, size: 10, font id: 283, bold: false, italic: false, underlined: false, monospace: false, serif: true, smallcap: false
braune 433 269 568 302 90.989685  font: Times_New_Roman, size: 10, font id: 283, bold: false, italic: false, underlined: false, monospace: false, serif: true, smallcap: false
Fuchs 594 272 709 304 92.036606  font: Times_New_Roman, size: 10, font id: 283, bold: false, italic: false, underlined: false, monospace: false, serif: true, smallcap: false
springt 735 274 877 314 85.802315  font: Times_New_Roman, size: 10, font id: 283, bold: false, italic: false, underlined: false, monospace: false, serif: true, smallcap: false
ﬁber 102 315 187 347 77.427635  font: Times_New_Roman, size: 9, font id: 283, bold: false, italic: false, underlined: false, monospace: false, serif: true, smallcap: false
den 212 317 280 348 92.725639  font: Times_New_Roman, size: 9, font id: 283, bold: false, italic: false, underlined: false, monospace: false, serif: true, smallcap: false
faulen 306 318 430 350 87.392044  font: Times_New_Roman, size: 9, font id: 283, bold: false, italic: false, underlined: false, monospace: false, serif: true, smallcap: false
Hund. 456 320 572 352 92.815437  font: Times_New_Roman, size: 9, font id: 283, bold: false, italic: false, underlined: false, monospace: false, serif: true, smallcap: false
Le 601 322 648 354 91.709900  font: Times_New_Roman, size: 9, font id: 283, bold: false, italic: false, underlined: false, monospace: false, serif: true, smallcap: false
renard 674 324 803 356 89.479660  font: Times_New_Roman, size: 9, font id: 283, bold: false, italic: false, underlined: false, monospace: false, serif: true, smallcap: false
brun 827 325 918 357 92.530449  font: Times_New_Roman, size: 9, font id: 283, bold: false, italic: false, underlined: false, monospace: false, serif: true, smallcap: false
«rapide» 101 366 274 405 89.106445  font: Times_New_Roman, size: 10, font id: 283, bold: false, italic: false, underlined: false, monospace: false, serif: true, smallcap: false
saute 302 373 403 400 90.068596  font: Times_New_Roman, size: 10, font id: 283, bold: false, italic: false, underlined: false, monospace: false, serif: true, smallcap: false
par-dessus 428 371 641 409 90.267944  font: Times_New_Roman, size: 10, font id: 283, bold: false, italic: false, underlined: false, monospace: false, serif: true, smallcap: false
le 667 372 700 404 92.761230  font: Times_New_Roman, size: 10, font id: 283, bold: false, italic: false, underlined: false, monospace: false, serif: true, smallcap: false
chien 725 374 833 406 91.074486  font: Times_New_Roman, size: 10, font id: 283, bold: false, italic: false, underlined: false, monospace: false, serif: true, smallcap: false
paresseux. 100 424 308 454 89.654541  font: Times_New_Roman, size: 9, font id: 283, bold: false, italic: false, underlined: false, monospace: false, serif: true, smallcap: false
La 337 419 384 450 90.037682  font: Times_New_Roman, size: 9, font id: 283, bold: false, italic: false, underlined: false, monospace: false, serif: true, smallcap: false
volpe 409 420 516 459 93.499756  font: Times_New_Roman, size: 9, font id: 283, bold: false, italic: false, underlined: false, monospace: false, serif: true, smallcap: false
marrone 543 430 707 455 90.102051  font: Times_New_Roman, size: 9, font id: 283, bold: false, italic: false, underlined: false, monospace: false, serif: true, smallcap: false
rapida 733 424 859 464 86.662727  font: Times_New_Roman, size: 9, font id: 283, bold: false, italic: false, underlined: false, monospace: false, serif: true, smallcap: false
salta 100 466 192 497 91.222679  font: Arial_Bold, size: 10, font id: 25, bold: true, italic: false, underlined: false, monospace: false, serif: false, smallcap: false
sopra 219 475 324 507 90.480843  font: Times_New_Roman, size: 10, font id: 283, bold: false, italic: false, underlined: false, monospace: false, serif: true, smallcap: false
il 351 468 376 499 91.058411  font: Times_New_Roman, size: 10, font id: 283, bold: false, italic: false, underlined: false, monospace: false, serif: true, smallcap: false
cane 403 478 491 501 91.604195  font: Times_New_Roman, size: 10, font id: 283, bold: false, italic: false, underlined: false, monospace: false, serif: true, smallcap: false
pigro. 517 471 633 511 90.220543  font: Times_New_Roman, size: 10, font id: 283, bold: false, italic: false, underlined: false, monospace: false, serif: true, smallcap: false
El 662 473 703 504 95.934021  font: Georgia_Bold, size: 10, font id: 136, bold: true, italic: false, underlined: false, monospace: false, serif: true, smallcap: false
zorro 729 482 834 506 90.218468  font: Times_New_Roman, size: 10, font id: 283, bold: false, italic: false, underlined: false, monospace: false, serif: true, smallcap: false
marrén 99 516 242 548 78.895264  font: Times_New_Roman, size: 10, font id: 283, bold: false, italic: false, underlined: false, monospace: false, serif: true, smallcap: false
répido 268 517 395 557 78.803009  font: Times_New_Roman, size: 10, font id: 283, bold: false, italic: false, underlined: false, monospace: false, serif: true, smallcap: false
salta 421 520 513 552 91.021156  font: Times_New_Roman, size: 10, font id: 283, bold: false, italic: false, underlined: false, monospace: false, serif: true, smallcap: false
sobre 540 521 644 554 91.359901  font: Times_New_Roman, size: 10, font id: 283, bold: false, italic: false, underlined: false, monospace: false, serif: true, smallcap: false
el 669 523 702 554 88.865158  font: Times_New_Roman, size: 10, font id: 283, bold: false, italic: false, underlined: false, monospace: false, serif: true, smallcap: false
perro 728 532 833 563 88.460793  font: Times_New_Roman, size: 10, font id: 283, bold: false, italic: false, underlined: false, monospace: false, serif: true, smallcap: false
perezoso. 98 574 284 604 91.213989  font: Times_New_Roman, size: 10, font id: 283, bold: false, italic: false, underlined: false, monospace: false, serif: true, smallcap: false
A 313 568 342 598 93.007507  font: Times_New_Roman, size: 10, font id: 283, bold: false, italic: false, underlined: false, monospace: false, serif: true, smallcap: false
raposa 369 578 497 609 91.828201  font: Times_New_Roman, size: 10, font id: 283, bold: false, italic: false, underlined: false, monospace: false, serif: true, smallcap: false
marrom 523 579 677 604 90.031433  font: Times_New_Roman, size: 10, font id: 283, bold: false, italic: false, underlined: false, monospace: false, serif: true, smallcap: false
rzipida 703 573 829 613 77.886475  font: Times_New_Roman, size: 10, font id: 283, bold: false, italic: false, underlined: false, monospace: false, serif: true, smallcap: false
salta 98 616 190 647 85.691055  font: Times_New_Roman, size: 10, font id: 283, bold: false, italic: false, underlined: false, monospace: false, serif: true, smallcap: false
sobre 217 617 320 649 90.560913  font: Times_New_Roman, size: 10, font id: 283, bold: false, italic: false, underlined: false, monospace: false, serif: true, smallcap: false
o 346 627 366 650 94.669769  font: Century_Schoolbook_L_Bold, size: 10, font id: 60, bold: true, italic: false, underlined: false, monospace: false, serif: true, smallcap: false
cﬁo 391 621 456 651 72.071564  font: Times_New_Roman, size: 10, font id: 283, bold: false, italic: false, underlined: false, monospace: false, serif: true, smallcap: false
preguicoso. 481 621 710 661 74.315262  font: Times_New_Roman, size: 10, font id: 283, bold: false, italic: false, underlined: false, monospace: false, serif: true, smallcap: false
TessBaseAPIClear
TessBaseAPIEnd
TessBaseAPICreate
TessBaseAPIDelete
TessBaseAPISetInputName
TessBaseAPISetOutputName
TessBaseAPISetVariable
TessBaseAPIGetBoolVariable
TessBaseAPIPrintVariablesToFile
TessBaseAPIInit1
TessBaseAPIGetUTF8Text
The (quick) [brown] {fox} jumps!
Over the $43,456.78 <lazy> #90 dog
& duck/goose, as 12.5% of E-mail
from aspammer@website.com is spam.
Der ,,schnelle” braune Fuchs springt
ﬁber den faulen Hund. Le renard brun
«rapide» saute par-dessus le chien
paresseux. La volpe marrone rapida
salta sopra il cane pigro. El zorro
marrén répido salta sobre el perro
perezoso. A raposa marrom rzipida
salta sobre o cﬁo preguicoso.


TessVersion
3.02.02
TessBaseAPIInit2
TessBaseAPIInit3
TessBaseAPIGetInitLanguagesAsString
TessBaseAPIGetLoadedLanguagesAsVector
TessBaseAPIGetAvailableLanguagesAsVector
TessBaseAPISetPageSegMode
TessBaseAPIGetPageSegMode
TessBaseAPIRect
The (quick) [brown] {fox} jumps!
Over the $43,456.78 <lazy> #90 dog
& duck/goose, as 12.5% of E-mail
from aspammer@website.com is spam.
Der ,,schnelle” braune Fuchs springt
ﬁber den faulen Hund. Le renard brun
«rapide» saute par-dessus le chien
paresseux. La volpe marrone rapida
salta sopra il cane pigro. El zorro
marrén répido salta sobre el perro
perezoso. A raposa marrom rzipida
salta sobre o cﬁo preguicoso.


]]></system-out>
  <system-err><![CDATA[ocr alive: false
progress: 0
ocr alive: false
progress: 0
ocr alive: false
progress: 0
ocr alive: false
progress: 0
ocr alive: false
progress: 0
message: 00000
ocr alive: true
progress: 100
]]></system-err>
</testsuite>
